<?xml version="1.0" encoding="utf-8"?><testsuites name="pytest tests"><testsuite name="pytest" errors="0" failures="0" skipped="0" tests="11" time="34.616" timestamp="2026-07-10T17:50:52.221847+00:00" hostname="agent-env-ff93930f-f8e3-408d-bd7e-ac5d173ad9b5"><testcase classname="backend.tests.test_iteration19_countries" name="test_countries_config_shape" time="0.152" /><testcase classname="backend.tests.test_iteration19_countries" name="test_profile_ae_seeds_8_compliance_items" time="0.140" /><testcase classname="backend.tests.test_iteration19_countries" name="test_profile_in_seeds_6_compliance_items" time="0.112" /><testcase classname="backend.tests.test_iteration19_countries" name="test_invalid_country_falls_back_to_IN" time="0.128" /><testcase classname="backend.tests.test_iteration19_countries" name="test_seed_only_runs_once" time="0.251" /><testcase classname="backend.tests.test_iteration19_countries" name="test_ae_penalty_uses_AED_and_MOHRE_or_WPS" time="12.509" /><testcase classname="backend.tests.test_iteration19_countries" name="test_in_penalty_uses_INR_and_indian_statute" time="16.582" /><testcase classname="backend.tests.test_iteration19_countries" name="test_feed_fetch_ae_uses_uae_region" time="1.899" /><testcase classname="backend.tests.test_iteration19_countries" name="test_feed_fetch_in_uses_india_region" time="1.775" /><testcase classname="backend.tests.test_iteration19_countries" name="test_regression_ledger_five_fields" time="0.558" /><testcase classname="backend.tests.test_iteration19_countries" name="test_regression_compliance_dashboard_shape" time="0.243" /></testsuite></testsuites>