<?xml version="1.0" encoding="utf-8"?><testsuites name="pytest tests"><testsuite name="pytest" errors="0" failures="0" skipped="0" tests="10" time="3.324" timestamp="2026-07-10T14:44:39.485557+00:00" hostname="agent-env-ff93930f-f8e3-408d-bd7e-ac5d173ad9b5"><testcase classname="backend.tests.test_iteration16_projects_ledger.TestProjectsCRUD" name="test_create_project" time="0.183" /><testcase classname="backend.tests.test_iteration16_projects_ledger.TestProjectsCRUD" name="test_list_sorted_newest_first" time="0.273" /><testcase classname="backend.tests.test_iteration16_projects_ledger.TestProjectsCRUD" name="test_get_one_with_worker_count" time="0.323" /><testcase classname="backend.tests.test_iteration16_projects_ledger.TestProjectsCRUD" name="test_get_one_wrong_id_404" time="0.105" /><testcase classname="backend.tests.test_iteration16_projects_ledger.TestProjectsCRUD" name="test_update_project" time="0.218" /><testcase classname="backend.tests.test_iteration16_projects_ledger.TestProjectsCRUD" name="test_update_wrong_id_404" time="0.098" /><testcase classname="backend.tests.test_iteration16_projects_ledger.TestProjectsCRUD" name="test_delete_unassigns_workers_but_keeps_them" time="0.308" /><testcase classname="backend.tests.test_iteration16_projects_ledger.TestProjectsCRUD" name="test_delete_wrong_id_404" time="0.104" /><testcase classname="backend.tests.test_iteration16_projects_ledger.TestLedgerCalc" name="test_ledger_paid_split_and_balance" time="1.183" /><testcase classname="backend.tests.test_iteration16_projects_ledger.TestLedgerCalc" name="test_cleanup_ledger_worker" time="0.415" /></testsuite></testsuites>