<?xml version="1.0" encoding="utf-8"?><testsuites name="pytest tests"><testsuite name="pytest" errors="0" failures="0" skipped="0" tests="20" time="76.884" timestamp="2026-07-11T11:07:16.392087+00:00" hostname="agent-env-aed73f79-6201-49f5-989c-469389bcf359"><testcase classname="backend.tests.test_iteration30.TestAttendanceCRUD" name="test_mark_upsert" time="0.445" /><testcase classname="backend.tests.test_iteration30.TestAttendanceCRUD" name="test_headcount" time="0.224" /><testcase classname="backend.tests.test_iteration30.TestAttendanceCRUD" name="test_roster" time="0.423" /><testcase classname="backend.tests.test_iteration30.TestAttendanceCRUD" name="test_delete" time="0.295" /><testcase classname="backend.tests.test_iteration30.TestAttendanceCRUD" name="test_invalid_status" time="0.094" /><testcase classname="backend.tests.test_iteration30.TestAttendanceCRUD" name="test_unknown_worker" time="0.095" /><testcase classname="backend.tests.test_iteration30.TestAttendanceCRUD" name="test_bulk" time="0.282" /><testcase classname="backend.tests.test_iteration30.TestCompanyInfo" name="test_company_info_public" time="0.094" /><testcase classname="backend.tests.test_iteration30.TestContact" name="test_invalid_email" time="0.127" /><testcase classname="backend.tests.test_iteration30.TestContact" name="test_short_message" time="0.127" /><testcase classname="backend.tests.test_iteration30.TestContact" name="test_success_and_no_leak" time="1.019" /><testcase classname="backend.tests.test_iteration30.TestContact" name="test_rate_limit" time="5.952" /><testcase classname="backend.tests.test_iteration30.TestTelegramAttendance" name="test_headcount_with_project_name" time="1.853" /><testcase classname="backend.tests.test_iteration30.TestTelegramAttendance" name="test_named_worker_present" time="0.004" /><testcase classname="backend.tests.test_iteration30.TestTelegramAttendance" name="test_no_arg_summary" time="0.002" /><testcase classname="backend.tests.test_iteration30.TestTelegramAttendance" name="test_headcount_project_picker" time="0.001" /><testcase classname="backend.tests.test_iteration30.TestAttHeadCallback" name="test_callback_headcount" time="1.519" /><testcase classname="backend.tests.test_iteration30.TestChatIdCapture" name="test_nithinv16_captured" time="0.972" /><testcase classname="backend.tests.test_iteration30.TestChatIdCapture" name="test_other_user_not_captured" time="1.005" /><testcase classname="backend.tests.test_iteration30.TestContactTelegramDelivery" name="test_contact_sends_to_captured_chat_id" time="62.210" /></testsuite></testsuites>