<?xml version="1.0" encoding="utf-8"?><testsuites name="pytest tests"><testsuite name="pytest" errors="0" failures="0" skipped="0" tests="10" time="4.310" timestamp="2026-07-10T20:40:53.180136+00:00" hostname="agent-env-63eb8f53-e1d3-4702-9386-8e98d5fd8498"><testcase classname="backend.tests.test_iteration22_phone_verify_insights.TestPhoneVerify" name="test_status_endpoint" time="0.351" /><testcase classname="backend.tests.test_iteration22_phone_verify_insights.TestPhoneVerify" name="test_start_well_formed_phone_returns_503" time="0.145" /><testcase classname="backend.tests.test_iteration22_phone_verify_insights.TestPhoneVerify" name="test_start_malformed_phone_returns_400_or_503" time="0.111" /><testcase classname="backend.tests.test_iteration22_phone_verify_insights.TestPhoneVerify" name="test_check_returns_503" time="0.146" /><testcase classname="backend.tests.test_iteration22_phone_verify_insights.TestPhoneVerify" name="test_check_does_not_flip_verified" time="0.160" /><testcase classname="backend.tests.test_iteration22_phone_verify_insights.TestInsightsHasData" name="test_insights_returns_has_data_key" time="0.142" /><testcase classname="backend.tests.test_iteration22_phone_verify_insights.TestRegressions" name="test_dashboard_stats" time="0.143" /><testcase classname="backend.tests.test_iteration22_phone_verify_insights.TestRegressions" name="test_telegram_status" time="0.108" /><testcase classname="backend.tests.test_iteration22_phone_verify_insights.TestRegressions" name="test_telegram_link_code" time="0.879" /><testcase classname="backend.tests.test_iteration22_phone_verify_insights.TestTwilioWhatsappFromNormalization" name="test_whatsapp_from_default" time="1.974" /></testsuite></testsuites>