<?xml version="1.0" encoding="utf-8"?><testsuites name="pytest tests"><testsuite name="pytest" errors="0" failures="3" skipped="1" tests="52" time="196.932" timestamp="2026-07-24T20:48:02.110720+00:00" hostname="agent-env-aed73f79-6201-49f5-989c-469389bcf359"><testcase classname="tests.test_iteration30.TestAttendanceCRUD" name="test_mark_upsert" time="0.371" /><testcase classname="tests.test_iteration30.TestAttendanceCRUD" name="test_headcount" time="0.234" /><testcase classname="tests.test_iteration30.TestAttendanceCRUD" name="test_roster" time="0.478" /><testcase classname="tests.test_iteration30.TestAttendanceCRUD" name="test_delete" time="0.322" /><testcase classname="tests.test_iteration30.TestAttendanceCRUD" name="test_invalid_status" time="0.115" /><testcase classname="tests.test_iteration30.TestAttendanceCRUD" name="test_unknown_worker" time="0.106" /><testcase classname="tests.test_iteration30.TestAttendanceCRUD" name="test_bulk" time="0.332" /><testcase classname="tests.test_iteration30.TestCompanyInfo" name="test_company_info_public" time="0.104" /><testcase classname="tests.test_iteration30.TestContact" name="test_invalid_email" time="0.102" /><testcase classname="tests.test_iteration30.TestContact" name="test_short_message" time="0.132" /><testcase classname="tests.test_iteration30.TestContact" name="test_success_and_no_leak" time="0.114" /><testcase classname="tests.test_iteration30.TestContact" name="test_rate_limit" time="0.794"><failure message="AssertionError: Expected a 429 within 7 rapid submissions&#10;assert False">tests/test_iteration30.py:183: in test_rate_limit
    assert got_429, "Expected a 429 within 7 rapid submissions"
E   AssertionError: Expected a 429 within 7 rapid submissions
E   assert False</failure></testcase><testcase classname="tests.test_iteration30.TestTelegramAttendance" name="test_headcount_with_project_name" time="2.032" /><testcase classname="tests.test_iteration30.TestTelegramAttendance" name="test_named_worker_present" time="0.003" /><testcase classname="tests.test_iteration30.TestTelegramAttendance" name="test_no_arg_summary" time="0.002" /><testcase classname="tests.test_iteration30.TestTelegramAttendance" name="test_headcount_project_picker" time="0.001" /><testcase classname="tests.test_iteration30.TestAttHeadCallback" name="test_callback_headcount" time="1.578" /><testcase classname="tests.test_iteration30.TestChatIdCapture" name="test_nithinv16_captured" time="0.983" /><testcase classname="tests.test_iteration30.TestChatIdCapture" name="test_other_user_not_captured" time="0.981" /><testcase classname="tests.test_iteration30.TestContactTelegramDelivery" name="test_contact_sends_to_captured_chat_id" time="181.608"><skipped type="pytest.skip" message="rate-limited by prior tests; cannot verify delivery path">/app/backend/tests/test_iteration30.py:354: rate-limited by prior tests; cannot verify delivery path</skipped></testcase><testcase classname="tests.test_iteration29.TestNotificationDefaults" name="test_defaults_all_disabled" time="0.242" /><testcase classname="tests.test_iteration29.TestVerifyAutoProvision" name="test_status_available" time="0.061" /><testcase classname="tests.test_iteration29.TestVerifyAutoProvision" name="test_system_config_has_sid" time="0.004" /><testcase classname="tests.test_iteration29.TestVoiceTranscribe" name="test_empty_audio_returns_400" time="0.051" /><testcase classname="tests.test_iteration29.TestVoiceTranscribe" name="test_rate_limit_kicks_in" time="1.526" /><testcase classname="tests.test_iteration29.TestCustomExpenseCategory" name="test_backend_accepts_slugified_category" time="0.156" /><testcase classname="tests.test_iteration29.TestReceiptUpload" name="test_empty_file_returns_400" time="0.048" /><testcase classname="tests.test_iteration29.TestReceiptUpload" name="test_unsupported_type_returns_415" time="0.053" /><testcase classname="tests.test_iteration29.TestReceiptUpload" name="test_valid_png_creates_expense_and_knowledge" time="2.591" /><testcase classname="tests.test_iteration29.TestReceiptUpload" name="test_upload_rate_limit" time="0.901" /><testcase classname="tests.test_iteration29.TestSecurityHeaders" name="test_headers_present" time="0.057" /><testcase classname="tests.test_iteration29.TestSecurityHeaders" name="test_cors_via_asgi_app" time="0.006"><failure message="AssertionError: wildcard leaked from app&#10;assert '*' != '*'">tests/test_iteration29.py:281: in test_cors_via_asgi_app
    assert aco != "*", "wildcard leaked from app"
E   AssertionError: wildcard leaked from app
E   assert '*' != '*'</failure></testcase><testcase classname="tests.test_iteration29.TestOversizeGuard" name="test_middleware_returns_413" time="0.002" /><testcase classname="tests.test_iteration29.TestSEO" name="test_robots_txt" time="0.133" /><testcase classname="tests.test_iteration29.TestSEO" name="test_sitemap_xml" time="0.120" /><testcase classname="tests.test_iteration29.TestSEO" name="test_index_html_has_jsonld" time="0.107" /><testcase classname="tests.test_iteration29.TestRegression" name="test_expenses_shape" time="0.049" /><testcase classname="tests.test_iteration29.TestRegression" name="test_cost_trends" time="0.053" /><testcase classname="tests.test_iteration26_cost_trends" name="test_cost_trends_requires_auth" time="0.003" /><testcase classname="tests.test_iteration26_cost_trends" name="test_cost_trends_default_shape" time="0.007" /><testcase classname="tests.test_iteration26_cost_trends" name="test_bucket_row_structure" time="0.007" /><testcase classname="tests.test_iteration26_cost_trends" name="test_project_row_structure_and_math" time="0.007" /><testcase classname="tests.test_iteration26_cost_trends" name="test_site_a_monthly_seed_values" time="0.009"><failure message="assert 0.0 == 12000.0">tests/test_iteration26_cost_trends.py:79: in test_site_a_monthly_seed_values
    assert b["expenses"] == 12000.0
E   assert 0.0 == 12000.0</failure></testcase><testcase classname="tests.test_iteration26_cost_trends" name="test_period_quarter" time="0.006" /><testcase classname="tests.test_iteration26_cost_trends" name="test_period_week" time="0.007" /><testcase classname="tests.test_iteration26_cost_trends" name="test_period_year" time="0.007" /><testcase classname="tests.test_iteration26_cost_trends" name="test_period_invalid_defaults_to_month" time="0.008" /><testcase classname="tests.test_iteration26_cost_trends" name="test_project_id_filter_restricts_buckets" time="0.016" /><testcase classname="tests.test_iteration26_cost_trends" name="test_unassigned_expense_flows_to_overall_unassigned" time="0.019" /><testcase classname="tests.test_iteration26_cost_trends" name="test_create_expense_with_project_id_and_verify_persistence" time="0.023" /><testcase classname="tests.test_iteration26_cost_trends" name="test_warn_and_over_status_via_tiny_budget_project" time="0.044" /><testcase classname="tests.test_iteration26_cost_trends" name="test_overall_totals_consistency" time="0.006" /></testsuite></testsuites>