<?xml version="1.0" encoding="utf-8"?><testsuites name="pytest tests"><testsuite name="pytest" errors="0" failures="0" skipped="0" tests="18" time="7.055" timestamp="2026-07-11T10:47:25.379963+00:00" hostname="agent-env-aed73f79-6201-49f5-989c-469389bcf359"><testcase classname="tests.test_iteration29.TestNotificationDefaults" name="test_defaults_all_disabled" time="0.275" /><testcase classname="tests.test_iteration29.TestVerifyAutoProvision" name="test_status_available" time="0.045" /><testcase classname="tests.test_iteration29.TestVerifyAutoProvision" name="test_system_config_has_sid" time="0.004" /><testcase classname="tests.test_iteration29.TestVoiceTranscribe" name="test_empty_audio_returns_400" time="0.047" /><testcase classname="tests.test_iteration29.TestVoiceTranscribe" name="test_rate_limit_kicks_in" time="1.418" /><testcase classname="tests.test_iteration29.TestCustomExpenseCategory" name="test_backend_accepts_slugified_category" time="0.138" /><testcase classname="tests.test_iteration29.TestReceiptUpload" name="test_empty_file_returns_400" time="0.042" /><testcase classname="tests.test_iteration29.TestReceiptUpload" name="test_unsupported_type_returns_415" time="0.043" /><testcase classname="tests.test_iteration29.TestReceiptUpload" name="test_valid_png_creates_expense_and_knowledge" time="1.756" /><testcase classname="tests.test_iteration29.TestReceiptUpload" name="test_upload_rate_limit" time="0.851" /><testcase classname="tests.test_iteration29.TestSecurityHeaders" name="test_headers_present" time="0.047" /><testcase classname="tests.test_iteration29.TestSecurityHeaders" name="test_cors_via_asgi_app" time="1.891" /><testcase classname="tests.test_iteration29.TestOversizeGuard" name="test_middleware_returns_413" time="0.001" /><testcase classname="tests.test_iteration29.TestSEO" name="test_robots_txt" time="0.111" /><testcase classname="tests.test_iteration29.TestSEO" name="test_sitemap_xml" time="0.103" /><testcase classname="tests.test_iteration29.TestSEO" name="test_index_html_has_jsonld" time="0.112" /><testcase classname="tests.test_iteration29.TestRegression" name="test_expenses_shape" time="0.045" /><testcase classname="tests.test_iteration29.TestRegression" name="test_cost_trends" time="0.050" /></testsuite></testsuites>