<?xml version="1.0" encoding="utf-8"?><testsuites name="pytest tests"><testsuite name="pytest" errors="0" failures="0" skipped="0" tests="12" time="15.667" timestamp="2026-07-11T06:56:50.119577+00:00" hostname="agent-env-63eb8f53-e1d3-4702-9386-8e98d5fd8498"><testcase classname="tests.test_iteration24_tts_voice" name="test_for_tts_strips_html_and_markdown" time="0.001" /><testcase classname="tests.test_iteration24_tts_voice" name="test_tg_speak_contextvar_default_and_reset" time="0.000" /><testcase classname="tests.test_iteration24_tts_voice" name="test_openai_tts_generates_ogg_bytes" time="1.272" /><testcase classname="tests.test_iteration24_tts_voice" name="test_tg_speak_fake_chat_id_does_not_raise" time="3.126" /><testcase classname="tests.test_iteration24_tts_voice" name="test_tg_send_also_speaks_when_flag_true" time="0.001" /><testcase classname="tests.test_iteration24_tts_voice" name="test_tg_send_does_not_speak_when_flag_false" time="0.000" /><testcase classname="tests.test_iteration24_tts_voice" name="test_handle_tg_voice_sets_and_resets_flag" time="0.000" /><testcase classname="tests.test_iteration24_tts_voice" name="test_tg_speak_swallows_tts_errors" time="0.001" /><testcase classname="tests.test_iteration24_tts_voice" name="test_regression_telegram_start_code_links_user" time="2.145" /><testcase classname="tests.test_iteration24_tts_voice" name="test_regression_translate_returns_hindi" time="1.964" /><testcase classname="tests.test_iteration24_tts_voice" name="test_regression_help_ask_returns_answer" time="4.917" /><testcase classname="tests.test_iteration24_tts_voice" name="test_regression_insights_has_data_field" time="0.147" /></testsuite></testsuites>