<?xml version="1.0" encoding="utf-8"?><testsuites name="pytest tests"><testsuite name="pytest" errors="0" failures="0" skipped="0" tests="22" time="11.672" timestamp="2026-07-11T07:09:42.016541+00:00" hostname="agent-env-63eb8f53-e1d3-4702-9386-8e98d5fd8498"><testcase classname="tests.test_iteration25_expenses_lang_tgpicker" name="test_patch_language_valid_ta_persists" time="0.126" /><testcase classname="tests.test_iteration25_expenses_lang_tgpicker" name="test_patch_language_invalid_returns_400" time="0.104" /><testcase classname="tests.test_iteration25_expenses_lang_tgpicker" name="test_patch_language_reset_to_en" time="0.096" /><testcase classname="tests.test_iteration25_expenses_lang_tgpicker" name="test_expenses_empty_list" time="0.097" /><testcase classname="tests.test_iteration25_expenses_lang_tgpicker" name="test_create_expense" time="0.094" /><testcase classname="tests.test_iteration25_expenses_lang_tgpicker" name="test_expenses_list_after_create" time="0.098" /><testcase classname="tests.test_iteration25_expenses_lang_tgpicker" name="test_expenses_search_q" time="0.093" /><testcase classname="tests.test_iteration25_expenses_lang_tgpicker" name="test_expenses_filter_category" time="0.101" /><testcase classname="tests.test_iteration25_expenses_lang_tgpicker" name="test_expense_owner_isolation" time="0.100" /><testcase classname="tests.test_iteration25_expenses_lang_tgpicker" name="test_delete_expense" time="0.228" /><testcase classname="tests.test_iteration25_expenses_lang_tgpicker" name="test_delete_expense_nonexistent_returns_404" time="0.093" /><testcase classname="tests.test_iteration25_expenses_lang_tgpicker" name="test_report_command_shows_keyboard_when_2plus_projects" time="0.005" /><testcase classname="tests.test_iteration25_expenses_lang_tgpicker" name="test_report_command_single_project_no_keyboard" time="0.000" /><testcase classname="tests.test_iteration25_expenses_lang_tgpicker" name="test_callback_report_pick_valid_pid" time="0.003" /><testcase classname="tests.test_iteration25_expenses_lang_tgpicker" name="test_callback_report_pick_none" time="0.000" /><testcase classname="tests.test_iteration25_expenses_lang_tgpicker" name="test_callback_report_pick_deleted_id_sends_error" time="0.001" /><testcase classname="tests.test_iteration25_expenses_lang_tgpicker" name="test_regression_get_endpoints_200[/api/insights]" time="0.092" /><testcase classname="tests.test_iteration25_expenses_lang_tgpicker" name="test_regression_get_endpoints_200[/api/telegram/status]" time="0.123" /><testcase classname="tests.test_iteration25_expenses_lang_tgpicker" name="test_regression_get_endpoints_200[/api/profile/phone/verify/status]" time="0.096" /><testcase classname="tests.test_iteration25_expenses_lang_tgpicker" name="test_regression_translate_200" time="0.092" /><testcase classname="tests.test_iteration25_expenses_lang_tgpicker" name="test_regression_help_ask_200" time="7.048" /><testcase classname="tests.test_iteration25_expenses_lang_tgpicker" name="test_regression_telegram_link_code_200" time="0.890" /></testsuite></testsuites>