<?xml version="1.0" encoding="utf-8"?><testsuites name="pytest tests"><testsuite name="pytest" errors="0" failures="0" skipped="0" tests="9" time="23.944" timestamp="2026-07-10T20:01:02.485884+00:00" hostname="agent-env-63eb8f53-e1d3-4702-9386-8e98d5fd8498"><testcase classname="backend.tests.test_iteration21_telegram_link_race" name="test_link_code_generates_and_purges" time="1.541" /><testcase classname="backend.tests.test_iteration21_telegram_link_race" name="test_link_code_claims_webhook" time="4.135" /><testcase classname="backend.tests.test_iteration21_telegram_link_race" name="test_start_code_links_chat_and_consumes" time="2.057" /><testcase classname="backend.tests.test_iteration21_telegram_link_race" name="test_start_invalid_code_no_crash" time="1.041" /><testcase classname="backend.tests.test_iteration21_telegram_link_race" name="test_start_lowercase_code" time="1.912" /><testcase classname="backend.tests.test_iteration21_telegram_link_race" name="test_start_padded_code_with_whitespace" time="2.099" /><testcase classname="backend.tests.test_iteration21_telegram_link_race" name="test_restart_preview_does_not_reclaim_webhook" time="9.180" /><testcase classname="backend.tests.test_iteration21_telegram_link_race" name="test_unlink_clears_chat" time="0.107" /><testcase classname="backend.tests.test_iteration21_telegram_link_race" name="test_zz_restore_production_webhook_and_qa_chat" time="1.735" /></testsuite></testsuites>