<?xml version="1.0" encoding="utf-8"?><testsuites name="pytest tests"><testsuite name="pytest" errors="0" failures="0" skipped="0" tests="23" time="2.156" timestamp="2026-07-11T09:07:27.854033+00:00" hostname="agent-env-aed73f79-6201-49f5-989c-469389bcf359"><testcase classname="backend.tests.test_iteration27_pings_search_lang" name="test_get_notifications_shape" time="0.004" /><testcase classname="backend.tests.test_iteration27_pings_search_lang" name="test_put_partial_patch_preserves_untouched_fields" time="0.009" /><testcase classname="backend.tests.test_iteration27_pings_search_lang" name="test_put_invalid_timezone_returns_400" time="0.007" /><testcase classname="backend.tests.test_iteration27_pings_search_lang" name="test_put_invalid_time_returns_400" time="0.008" /><testcase classname="backend.tests.test_iteration27_pings_search_lang" name="test_put_valid_time_ok" time="0.006" /><testcase classname="backend.tests.test_iteration27_pings_search_lang" name="test_put_days_cleaning_and_dedup" time="0.006" /><testcase classname="backend.tests.test_iteration27_pings_search_lang" name="test_legacy_notifications_endpoint_unaffected" time="0.008" /><testcase classname="backend.tests.test_iteration27_pings_search_lang" name="test_expenses_search_case_insensitive" time="0.027" /><testcase classname="backend.tests.test_iteration27_pings_search_lang" name="test_expenses_search_escapes_regex_metachars" time="0.006" /><testcase classname="backend.tests.test_iteration27_pings_search_lang" name="test_expenses_limit_bounds_and_pagination" time="0.009" /><testcase classname="backend.tests.test_iteration27_pings_search_lang" name="test_expenses_category_and_q_combine_as_and" time="0.006" /><testcase classname="backend.tests.test_iteration27_pings_search_lang" name="test_build_morning_briefing_contains_key_fields" time="0.005" /><testcase classname="backend.tests.test_iteration27_pings_search_lang" name="test_build_compliance_pings_only_returns_d0_d1_d3" time="0.001" /><testcase classname="backend.tests.test_iteration27_pings_search_lang" name="test_build_payroll_reminder_returns_string_or_none" time="0.001" /><testcase classname="backend.tests.test_iteration27_pings_search_lang" name="test_send_ping_dedupes_same_day" time="0.002" /><testcase classname="backend.tests.test_iteration27_pings_search_lang" name="test_tg_send_short_stays_english" time="0.000" /><testcase classname="backend.tests.test_iteration27_pings_search_lang" name="test_tg_send_long_translates_to_user_lang" time="0.001" /><testcase classname="backend.tests.test_iteration27_refixes" name="test_expenses_limit_zero_clamps_to_one" time="0.007" /><testcase classname="backend.tests.test_iteration27_refixes" name="test_expenses_limit_huge_clamps_to_2000" time="0.003" /><testcase classname="backend.tests.test_iteration27_refixes" name="test_expenses_limit_negative_clamps_to_one" time="0.003" /><testcase classname="backend.tests.test_iteration27_refixes" name="test_expenses_limit_garbage_defaults" time="0.002" /><testcase classname="backend.tests.test_iteration27_refixes" name="test_send_ping_is_idempotent_same_dedup_key" time="0.007" /><testcase classname="backend.tests.test_iteration27_refixes" name="test_send_ping_different_dedup_keys_both_send" time="0.003" /></testsuite></testsuites>