<?xml version="1.0" encoding="utf-8"?><testsuites name="pytest tests"><testsuite name="pytest" errors="0" failures="0" skipped="0" tests="23" time="7.089" timestamp="2026-07-24T20:47:49.395463+00:00" hostname="agent-env-aed73f79-6201-49f5-989c-469389bcf359"><testcase classname="tests.test_iteration32.TestImports" name="test_server_imports_cleanly" time="2.055" /><testcase classname="tests.test_iteration32.TestImports" name="test_attendance_shims_present" time="0.000" /><testcase classname="tests.test_iteration32.TestImports" name="test_ping_scheduler_function_exists" time="0.001" /><testcase classname="tests.test_iteration32.TestSmokeEndpoints" name="test_company_info" time="0.143" /><testcase classname="tests.test_iteration32.TestSmokeEndpoints" name="test_attendance_roster" time="0.108" /><testcase classname="tests.test_iteration32.TestSmokeEndpoints" name="test_cost_trends_shape" time="0.110" /><testcase classname="tests.test_iteration32.TestSmokeEndpoints" name="test_cost_trends_periods" time="0.478" /><testcase classname="tests.test_iteration32.TestSmokeEndpoints" name="test_expenses_search" time="0.101" /><testcase classname="tests.test_iteration32.TestSmokeEndpoints" name="test_expenses_limit_clamped_low" time="0.114" /><testcase classname="tests.test_iteration32.TestSmokeEndpoints" name="test_expenses_limit_clamped_high" time="0.126" /><testcase classname="tests.test_iteration32.TestSmokeEndpoints" name="test_expenses_regex_escape" time="0.101" /><testcase classname="tests.test_iteration32.TestSmokeEndpoints" name="test_telegram_prefs_get" time="0.103" /><testcase classname="tests.test_iteration32.TestSmokeEndpoints" name="test_telegram_prefs_invalid_tz" time="0.113" /><testcase classname="tests.test_iteration32.TestSmokeEndpoints" name="test_telegram_prefs_invalid_time" time="0.113" /><testcase classname="tests.test_iteration32.TestSmokeEndpoints" name="test_telegram_prefs_days_cleaned" time="0.109" /><testcase classname="tests.test_iteration32.TestSmokeEndpoints" name="test_subcontractors_list_correct" time="0.105" /><testcase classname="tests.test_iteration32.TestN1FixSourceLevel" name="test_list_subs_uses_bulk_in_query" time="0.001" /><testcase classname="tests.test_iteration32.TestN1FixSourceLevel" name="test_assistant_answer_uses_bulk_in_query" time="0.001" /><testcase classname="tests.test_iteration32.TestN1FixHttpCorrectness" name="test_list_subs_multiple_subs_correct" time="1.109" /><testcase classname="tests.test_iteration32.TestTelegramWebhook" name="test_webhook_200_with_secret" time="0.995" /><testcase classname="tests.test_iteration32.TestTelegramWebhook" name="test_webhook_nithinv16_capture" time="1.014" /><testcase classname="tests.test_iteration32.TestReportsSmoke" name="test_reports_routes_registered" time="0.000" /><testcase classname="tests.test_iteration32.TestTelegramAttendanceHelper" name="test_handle_tg_attendance_headcount" time="0.007" /></testsuite></testsuites>