<?xml version="1.0" encoding="utf-8"?><testsuites name="pytest tests"><testsuite name="pytest" errors="0" failures="0" skipped="0" tests="12" time="29.475" timestamp="2026-07-10T19:30:51.861051+00:00" hostname="agent-env-63eb8f53-e1d3-4702-9386-8e98d5fd8498"><testcase classname="backend.tests.test_iteration20_telegram" name="test_auth_me" time="0.430" /><testcase classname="backend.tests.test_iteration20_telegram" name="test_telegram_status_configured" time="0.206" /><testcase classname="backend.tests.test_iteration20_telegram" name="test_telegram_link_code" time="0.461" /><testcase classname="backend.tests.test_iteration20_telegram" name="test_webhook_wrong_secret_forbidden" time="0.121" /><testcase classname="backend.tests.test_iteration20_telegram" name="test_webhook_start_links_new_chat" time="2.757" /><testcase classname="backend.tests.test_iteration20_telegram" name="test_webhook_text_advance" time="5.136" /><testcase classname="backend.tests.test_iteration20_telegram" name="test_webhook_conversational_no_crash" time="13.998" /><testcase classname="backend.tests.test_iteration20_telegram" name="test_pending_media_worker_file" time="3.713" /><testcase classname="backend.tests.test_iteration20_telegram" name="test_pending_callback_cancel" time="2.057" /><testcase classname="backend.tests.test_iteration20_telegram" name="test_pwa_manifest" time="0.141" /><testcase classname="backend.tests.test_iteration20_telegram" name="test_pwa_service_worker" time="0.127" /><testcase classname="backend.tests.test_iteration20_telegram" name="test_pwa_icon" time="0.120" /></testsuite></testsuites>