<?xml version="1.0" encoding="utf-8"?><testsuites name="pytest tests"><testsuite name="pytest" errors="0" failures="0" skipped="0" tests="10" time="1.624" timestamp="2026-07-10T12:54:04.843493+00:00" hostname="agent-env-5a4dc3f8-621c-43ea-88bc-ebe27ab496fc"><testcase classname="backend.tests.test_iteration14_profile" name="test_auth_me_ok" time="0.206" /><testcase classname="backend.tests.test_iteration14_profile" name="test_profile_route_unauthenticated_401" time="0.157" /><testcase classname="backend.tests.test_iteration14_profile" name="test_profile_update_sets_complete_true" time="0.258" /><testcase classname="backend.tests.test_iteration14_profile" name="test_profile_update_missing_phone_marks_incomplete" time="0.257" /><testcase classname="backend.tests.test_iteration14_profile" name="test_profile_response_no_mongo_id" time="0.134" /><testcase classname="backend.tests.test_iteration14_profile" name="test_regression_endpoints[/api/auth/me]" time="0.097" /><testcase classname="backend.tests.test_iteration14_profile" name="test_regression_endpoints[/api/projects]" time="0.100" /><testcase classname="backend.tests.test_iteration14_profile" name="test_regression_endpoints[/api/workers]" time="0.144" /><testcase classname="backend.tests.test_iteration14_profile" name="test_regression_endpoints[/api/reports]" time="0.102" /><testcase classname="backend.tests.test_iteration14_profile" name="test_regression_endpoints[/api/subcontractors]" time="0.099" /></testsuite></testsuites>