<?xml version="1.0" encoding="utf-8"?><testsuites name="pytest tests"><testsuite name="pytest" errors="0" failures="0" skipped="0" tests="23" time="32.173" timestamp="2026-07-10T17:02:52.082682+00:00" hostname="agent-env-ff93930f-f8e3-408d-bd7e-ac5d173ad9b5"><testcase classname="backend.tests.test_iteration17_exports" name="test_daily_report_export_formats[pdf-500]" time="0.337" /><testcase classname="backend.tests.test_iteration17_exports" name="test_daily_report_export_formats[docx-1000]" time="0.181" /><testcase classname="backend.tests.test_iteration17_exports" name="test_daily_report_export_formats[xlsx-1000]" time="0.155" /><testcase classname="backend.tests.test_iteration17_exports" name="test_daily_report_cross_owner_404" time="0.112" /><testcase classname="backend.tests.test_iteration17_exports" name="test_daily_report_invalid_format" time="0.110" /><testcase classname="backend.tests.test_iteration17_exports" name="test_worker_ledger_export_formats[pdf-500]" time="0.136" /><testcase classname="backend.tests.test_iteration17_exports" name="test_worker_ledger_export_formats[docx-1000]" time="0.140" /><testcase classname="backend.tests.test_iteration17_exports" name="test_worker_ledger_export_formats[xlsx-1000]" time="0.120" /><testcase classname="backend.tests.test_iteration17_exports" name="test_worker_ledger_cross_owner_404" time="0.110" /><testcase classname="backend.tests.test_iteration17_exports" name="test_worker_ledger_invalid_format" time="0.134" /><testcase classname="backend.tests.test_iteration17_exports" name="test_payroll_settlements_export[pdf-500]" time="0.127" /><testcase classname="backend.tests.test_iteration17_exports" name="test_payroll_settlements_export[docx-1000]" time="0.121" /><testcase classname="backend.tests.test_iteration17_exports" name="test_payroll_settlements_export[xlsx-1000]" time="0.124" /><testcase classname="backend.tests.test_iteration17_exports" name="test_payroll_invalid_format" time="0.105" /><testcase classname="backend.tests.test_iteration17_exports" name="test_insights_export[pdf-500]" time="8.314" /><testcase classname="backend.tests.test_iteration17_exports" name="test_insights_export[docx-1000]" time="6.552" /><testcase classname="backend.tests.test_iteration17_exports" name="test_insights_export[xlsx-1000]" time="7.358" /><testcase classname="backend.tests.test_iteration17_exports" name="test_insights_invalid_format" time="7.080" /><testcase classname="backend.tests.test_iteration17_exports" name="test_compliance_export[pdf-500]" time="0.181" /><testcase classname="backend.tests.test_iteration17_exports" name="test_compliance_export[docx-1000]" time="0.155" /><testcase classname="backend.tests.test_iteration17_exports" name="test_compliance_export[xlsx-1000]" time="0.117" /><testcase classname="backend.tests.test_iteration17_exports" name="test_compliance_invalid_format" time="0.146" /><testcase classname="backend.tests.test_iteration17_exports" name="test_export_requires_auth" time="0.112" /></testsuite></testsuites>