<?xml version="1.0" encoding="utf-8"?><testsuites name="pytest tests"><testsuite name="pytest" errors="0" failures="0" skipped="0" tests="20" time="54.831" timestamp="2026-07-10T17:19:58.480955+00:00" hostname="agent-env-ff93930f-f8e3-408d-bd7e-ac5d173ad9b5"><testcase classname="backend.tests.test_iteration18_compliance.TestComplianceCRUD" name="test_create_with_new_fields" time="0.236" /><testcase classname="backend.tests.test_iteration18_compliance.TestComplianceCRUD" name="test_list_includes_new_fields" time="0.104" /><testcase classname="backend.tests.test_iteration18_compliance.TestComplianceCRUD" name="test_patch_partial" time="0.108" /><testcase classname="backend.tests.test_iteration18_compliance.TestComplianceCRUD" name="test_patch_bad_id_404" time="0.111" /><testcase classname="backend.tests.test_iteration18_compliance.TestComplianceCRUD" name="test_delete_and_404" time="0.348" /><testcase classname="backend.tests.test_iteration18_compliance.TestComplianceDashboard" name="test_seed_deterministic_state" time="0.679" /><testcase classname="backend.tests.test_iteration18_compliance.TestComplianceDashboard" name="test_dashboard_shape_and_math" time="0.100" /><testcase classname="backend.tests.test_iteration18_compliance.TestComplianceDashboard" name="test_dashboard_only_our_seed" time="0.214" /><testcase classname="backend.tests.test_iteration18_compliance.TestRenewalPlan" name="test_renew_generates_plan" time="18.046" /><testcase classname="backend.tests.test_iteration18_compliance.TestRenewalPlan" name="test_renew_404_wrong_owner" time="0.127" /><testcase classname="backend.tests.test_iteration18_compliance.TestPenaltyCalc" name="test_penalty_computes_days" time="12.514" /><testcase classname="backend.tests.test_iteration18_compliance.TestAnalyzeBackfill" name="test_analyze_and_backfill_expiry" time="10.981" /><testcase classname="backend.tests.test_iteration18_compliance.TestDigest" name="test_digest_shape" time="8.316" /><testcase classname="backend.tests.test_iteration18_compliance.TestFeedFilters" name="test_feed_category_and_region_query_params" time="1.463" /><testcase classname="backend.tests.test_iteration18_compliance.TestRegression" name="test_dashboard_stats_still_ok" time="0.103" /><testcase classname="backend.tests.test_iteration18_compliance.TestRegression" name="test_projects_ledger_endpoints" time="0.206" /><testcase classname="backend.tests.test_iteration18_compliance.TestRegression" name="test_export_routes_mounted[/reports/xxx/export?format=pdf]" time="0.121" /><testcase classname="backend.tests.test_iteration18_compliance.TestRegression" name="test_export_routes_mounted[/compliance/export?format=pdf]" time="0.107" /><testcase classname="backend.tests.test_iteration18_compliance.TestRegression" name="test_export_routes_mounted[/insights/export?format=pdf]" time="0.109" /><testcase classname="backend.tests.test_iteration18_compliance.TestRegression" name="test_export_routes_mounted[/payroll/export?format=pdf]" time="0.741" /></testsuite></testsuites>