<?xml version="1.0" encoding="utf-8"?><testsuites name="pytest tests"><testsuite name="pytest" errors="0" failures="0" skipped="0" tests="12" time="19.037" timestamp="2026-07-10T12:42:27.754985+00:00" hostname="agent-env-5a4dc3f8-621c-43ea-88bc-ebe27ab496fc"><testcase classname="backend.tests.test_iteration13.TestSignedFileURLs" name="test_signed_url_no_auth_returns_bytes" time="0.635" /><testcase classname="backend.tests.test_iteration13.TestSignedFileURLs" name="test_tampered_signature_403" time="0.355" /><testcase classname="backend.tests.test_iteration13.TestSignedFileURLs" name="test_expired_signature_403" time="0.359" /><testcase classname="backend.tests.test_iteration13.TestSignedFileURLs" name="test_bearer_still_works_for_owner" time="0.482" /><testcase classname="backend.tests.test_iteration13.TestReportsRouter" name="test_list_reports_contains_new" time="6.895" /><testcase classname="backend.tests.test_iteration13.TestReportsRouter" name="test_get_report_by_id" time="1.156" /><testcase classname="backend.tests.test_iteration13.TestReportsRouter" name="test_whatsapp_send_no_recipients_400" time="0.098" /><testcase classname="backend.tests.test_iteration13.TestReportsRouter" name="test_whatsapp_send_client_twilio_not_configured" time="0.125" /><testcase classname="backend.tests.test_iteration13.TestReportsRouter" name="test_quick_send_endpoint" time="0.105" /><testcase classname="backend.tests.test_iteration13.TestReportsRouter" name="test_quick_send_no_numbers_400" time="6.189" /><testcase classname="backend.tests.test_iteration13.TestReportsRouter" name="test_delete_report" time="0.198" /><testcase classname="backend.tests.test_iteration13" name="test_auth_me" time="0.136" /></testsuite></testsuites>