<?xml version="1.0" encoding="utf-8"?><testsuites name="pytest tests"><testsuite name="pytest" errors="0" failures="0" skipped="0" tests="18" time="16.012" timestamp="2026-07-11T06:44:06.823326+00:00" hostname="agent-env-63eb8f53-e1d3-4702-9386-8e98d5fd8498"><testcase classname="backend.tests.test_iteration23_translate_help" name="test_translate_hindi_real_translation" time="0.432" /><testcase classname="backend.tests.test_iteration23_translate_help" name="test_translate_en_short_circuit" time="0.092" /><testcase classname="backend.tests.test_iteration23_translate_help" name="test_translate_unsupported_lang" time="0.111" /><testcase classname="backend.tests.test_iteration23_translate_help" name="test_translate_empty_text" time="0.097" /><testcase classname="backend.tests.test_iteration23_translate_help" name="test_translate_cache" time="2.257" /><testcase classname="backend.tests.test_iteration23_translate_help" name="test_translate_does_not_answer_question" time="0.092" /><testcase classname="backend.tests.test_iteration23_translate_help" name="test_translate_supported_languages[hi-[\\u0900-\\u097F]]" time="0.096" /><testcase classname="backend.tests.test_iteration23_translate_help" name="test_translate_supported_languages[ml-[\\u0D00-\\u0D7F]]" time="0.091" /><testcase classname="backend.tests.test_iteration23_translate_help" name="test_translate_supported_languages[ta-[\\u0B80-\\u0BFF]]" time="0.132" /><testcase classname="backend.tests.test_iteration23_translate_help" name="test_translate_supported_languages[te-[\\u0C00-\\u0C7F]]" time="0.096" /><testcase classname="backend.tests.test_iteration23_translate_help" name="test_help_ask_telegram_link" time="5.340" /><testcase classname="backend.tests.test_iteration23_translate_help" name="test_help_ask_empty" time="0.114" /><testcase classname="backend.tests.test_iteration23_translate_help" name="test_help_ask_uses_user_language_hindi" time="6.044" /><testcase classname="backend.tests.test_iteration23_translate_help" name="test_profile_language_ml" time="0.377" /><testcase classname="backend.tests.test_iteration23_translate_help" name="test_regression_telegram_status" time="0.093" /><testcase classname="backend.tests.test_iteration23_translate_help" name="test_regression_dashboard_stats" time="0.097" /><testcase classname="backend.tests.test_iteration23_translate_help" name="test_regression_insights_has_data" time="0.099" /><testcase classname="backend.tests.test_iteration23_translate_help" name="test_regression_phone_verify_status" time="0.277" /></testsuite></testsuites>