<?xml version="1.0" encoding="utf-8"?><testsuites name="pytest tests"><testsuite name="pytest" errors="0" failures="1" skipped="0" tests="20" time="11.413" timestamp="2026-07-24T20:26:05.176503+00:00" hostname="agent-env-aed73f79-6201-49f5-989c-469389bcf359"><testcase classname="backend.tests.test_iteration30.TestAttendanceCRUD" name="test_mark_upsert" time="0.469" /><testcase classname="backend.tests.test_iteration30.TestAttendanceCRUD" name="test_headcount" time="0.273" /><testcase classname="backend.tests.test_iteration30.TestAttendanceCRUD" name="test_roster" time="0.571" /><testcase classname="backend.tests.test_iteration30.TestAttendanceCRUD" name="test_delete" time="0.367" /><testcase classname="backend.tests.test_iteration30.TestAttendanceCRUD" name="test_invalid_status" time="0.105" /><testcase classname="backend.tests.test_iteration30.TestAttendanceCRUD" name="test_unknown_worker" time="0.108" /><testcase classname="backend.tests.test_iteration30.TestAttendanceCRUD" name="test_bulk" time="0.378" /><testcase classname="backend.tests.test_iteration30.TestCompanyInfo" name="test_company_info_public" time="0.106"><failure message="AssertionError: assert 'sixn8.technologies@gmail.com' == 'admin@dukaaon.in'&#10;  &#10;  - admin@dukaaon.in&#10;  + sixn8.technologies@gmail.com">backend/tests/test_iteration30.py:133: in test_company_info_public
    assert d["support_email"] == "admin@dukaaon.in"
E   AssertionError: assert 'sixn8.technologies@gmail.com' == 'admin@dukaaon.in'
E     
E     - admin@dukaaon.in
E     + sixn8.technologies@gmail.com</failure></testcase><testcase classname="backend.tests.test_iteration30.TestContact" name="test_invalid_email" time="0.125" /><testcase classname="backend.tests.test_iteration30.TestContact" name="test_short_message" time="0.145" /><testcase classname="backend.tests.test_iteration30.TestContact" name="test_success_and_no_leak" time="0.164" /><testcase classname="backend.tests.test_iteration30.TestContact" name="test_rate_limit" time="0.831" /><testcase classname="backend.tests.test_iteration30.TestTelegramAttendance" name="test_headcount_with_project_name" time="2.023" /><testcase classname="backend.tests.test_iteration30.TestTelegramAttendance" name="test_named_worker_present" time="0.007" /><testcase classname="backend.tests.test_iteration30.TestTelegramAttendance" name="test_no_arg_summary" time="0.004" /><testcase classname="backend.tests.test_iteration30.TestTelegramAttendance" name="test_headcount_project_picker" time="0.002" /><testcase classname="backend.tests.test_iteration30.TestAttHeadCallback" name="test_callback_headcount" time="1.574" /><testcase classname="backend.tests.test_iteration30.TestChatIdCapture" name="test_nithinv16_captured" time="0.978" /><testcase classname="backend.tests.test_iteration30.TestChatIdCapture" name="test_other_user_not_captured" time="0.998" /><testcase classname="backend.tests.test_iteration30.TestContactTelegramDelivery" name="test_contact_sends_to_captured_chat_id" time="1.983" /></testsuite></testsuites>