<?xml version="1.0" encoding="utf-8"?><testsuites name="pytest tests"><testsuite name="pytest" errors="0" failures="0" skipped="0" tests="14" time="1.029" timestamp="2026-07-11T08:37:01.697789+00:00" hostname="agent-env-aed73f79-6201-49f5-989c-469389bcf359"><testcase classname="backend.tests.test_iteration26_cost_trends" name="test_cost_trends_requires_auth" time="0.807" /><testcase classname="backend.tests.test_iteration26_cost_trends" name="test_cost_trends_default_shape" time="0.011" /><testcase classname="backend.tests.test_iteration26_cost_trends" name="test_bucket_row_structure" time="0.006" /><testcase classname="backend.tests.test_iteration26_cost_trends" name="test_project_row_structure_and_math" time="0.005" /><testcase classname="backend.tests.test_iteration26_cost_trends" name="test_site_a_monthly_seed_values" time="0.008" /><testcase classname="backend.tests.test_iteration26_cost_trends" name="test_period_quarter" time="0.005" /><testcase classname="backend.tests.test_iteration26_cost_trends" name="test_period_week" time="0.005" /><testcase classname="backend.tests.test_iteration26_cost_trends" name="test_period_year" time="0.005" /><testcase classname="backend.tests.test_iteration26_cost_trends" name="test_period_invalid_defaults_to_month" time="0.005" /><testcase classname="backend.tests.test_iteration26_cost_trends" name="test_project_id_filter_restricts_buckets" time="0.014" /><testcase classname="backend.tests.test_iteration26_cost_trends" name="test_unassigned_expense_flows_to_overall_unassigned" time="0.016" /><testcase classname="backend.tests.test_iteration26_cost_trends" name="test_create_expense_with_project_id_and_verify_persistence" time="0.016" /><testcase classname="backend.tests.test_iteration26_cost_trends" name="test_warn_and_over_status_via_tiny_budget_project" time="0.025" /><testcase classname="backend.tests.test_iteration26_cost_trends" name="test_overall_totals_consistency" time="0.006" /></testsuite></testsuites>