<?xml version="1.0" encoding="utf-8"?><testsuites name="pytest tests"><testsuite name="pytest" errors="0" failures="0" skipped="0" tests="6" time="4.337" timestamp="2026-07-11T09:07:17.351663+00:00" hostname="agent-env-aed73f79-6201-49f5-989c-469389bcf359"><testcase classname="backend.tests.test_iteration27_refixes" name="test_expenses_limit_zero_clamps_to_one" time="0.781" /><testcase classname="backend.tests.test_iteration27_refixes" name="test_expenses_limit_huge_clamps_to_2000" time="0.006" /><testcase classname="backend.tests.test_iteration27_refixes" name="test_expenses_limit_negative_clamps_to_one" time="0.005" /><testcase classname="backend.tests.test_iteration27_refixes" name="test_expenses_limit_garbage_defaults" time="0.003" /><testcase classname="backend.tests.test_iteration27_refixes" name="test_send_ping_is_idempotent_same_dedup_key" time="0.007" /><testcase classname="backend.tests.test_iteration27_refixes" name="test_send_ping_different_dedup_keys_both_send" time="0.003" /></testsuite></testsuites>