<?xml version="1.0" encoding="utf-8"?><testsuites name="pytest tests"><testsuite name="pytest" errors="0" failures="0" skipped="0" tests="18" time="10.183" timestamp="2026-06-29T12:55:00.665503+00:00" hostname="agent-env-36575acb-2d8d-41a7-9598-6f758f18b8cb"><testcase classname="tests.test_subcontractors.TestAuth" name="test_list_requires_auth" time="0.394" /><testcase classname="tests.test_subcontractors.TestListAndSummary" name="test_list_returns_array_with_summary" time="0.059" /><testcase classname="tests.test_subcontractors.TestListAndSummary" name="test_sai_labour_seed_math_identity" time="0.067" /><testcase classname="tests.test_subcontractors.TestCreateDetailDelete" name="test_create_subcontractor" time="0.051" /><testcase classname="tests.test_subcontractors.TestCreateDetailDelete" name="test_detail_endpoint_shape" time="0.059" /><testcase classname="tests.test_subcontractors.TestCreateDetailDelete" name="test_get_unknown_returns_404" time="0.060" /><testcase classname="tests.test_subcontractors.TestCreateDetailDelete" name="test_delete_subcontractor_at_end" time="0.218" /><testcase classname="tests.test_subcontractors.TestLedgerMath" name="test_initial_summary" time="0.118" /><testcase classname="tests.test_subcontractors.TestLedgerMath" name="test_payment_increases_paid_decreases_pending" time="0.166" /><testcase classname="tests.test_subcontractors.TestLedgerMath" name="test_extra_work_increases_gross_and_net" time="0.150" /><testcase classname="tests.test_subcontractors.TestLedgerMath" name="test_material_decreases_net" time="0.150" /><testcase classname="tests.test_subcontractors.TestLedgerMath" name="test_deduction_decreases_net" time="0.145" /><testcase classname="tests.test_subcontractors.TestLedgerMath" name="test_retention_release_decreases_retention_increases_net" time="0.142" /><testcase classname="tests.test_subcontractors.TestLedgerMath" name="test_math_identity_after_all_transactions" time="0.044" /><testcase classname="tests.test_subcontractors.TestLedgerMath" name="test_transactions_returned_desc_by_date" time="0.102" /><testcase classname="tests.test_subcontractors.TestDashboard" name="test_dashboard_includes_subcontractor_totals" time="0.051" /><testcase classname="tests.test_subcontractors.TestDashboard" name="test_dashboard_totals_consistent_with_list" time="0.094" /><testcase classname="tests.test_subcontractors.TestAssistant" name="test_assistant_knows_sai_pending" time="8.012" /></testsuite></testsuites>