<?xml version="1.0" encoding="utf-8"?><testsuites name="pytest tests"><testsuite name="pytest" errors="0" failures="1" skipped="0" tests="12" time="61.987" timestamp="2026-06-29T13:36:55.005740+00:00" hostname="agent-env-36575acb-2d8d-41a7-9598-6f758f18b8cb"><testcase classname="tests.test_iteration5_features.TestNotifications" name="test_auth_required" time="0.203" /><testcase classname="tests.test_iteration5_features.TestNotifications" name="test_shape_and_types" time="0.273" /><testcase classname="tests.test_iteration5_features.TestNotifications" name="test_has_onboarding_notification" time="0.049" /><testcase classname="tests.test_iteration5_features.TestNotifications" name="test_compliance_notifications_link" time="0.059" /><testcase classname="tests.test_iteration5_features.TestNotifications" name="test_regulation_notification_when_high_urgency_impact" time="0.129" /><testcase classname="tests.test_iteration5_features.TestNotifications" name="test_dismiss_reduces_unread" time="0.169" /><testcase classname="tests.test_iteration5_features.TestFeedFetch" name="test_fetch_verified_added_and_persisted" time="2.825" /><testcase classname="tests.test_iteration5_features.TestFeedFetch" name="test_fetch_dedup" time="0.394" /><testcase classname="tests.test_iteration5_features.TestFeedScanDistinct" name="test_scan_ai_generated_true" time="30.334" /><testcase classname="tests.test_iteration5_features.TestFeedScanDistinct" name="test_impact_endpoint" time="4.769"><failure message="AssertionError: assert ('urgency' in {'id': '6d91d68c-3b29-4aff-ba8d-ccca33769e48', 'owner_id': 'user_testdemo01', 'title': 'PG Rules In India Explained: Tenant Rights, Licences And What Makes A PG Illegal - Outlook India', 'source': 'Outlook India', ...})">backend/tests/test_iteration5_features.py:146: in test_impact_endpoint
    assert "urgency" in imp and imp["urgency"] in ("low", "medium", "high")
E   AssertionError: assert ('urgency' in {'id': '6d91d68c-3b29-4aff-ba8d-ccca33769e48', 'owner_id': 'user_testdemo01', 'title': 'PG Rules In India Explained: Tenant Rights, Licences And What Makes A PG Illegal - Outlook India', 'source': 'Outlook India', ...})</failure></testcase><testcase classname="tests.test_iteration5_features.TestInsights" name="test_auth_required" time="0.170" /><testcase classname="tests.test_iteration5_features.TestInsights" name="test_insights_shape" time="22.507" /></testsuite></testsuites>