<?xml version="1.0" encoding="utf-8"?><testsuites name="pytest tests"><testsuite name="pytest" errors="0" failures="1" skipped="0" tests="10" time="29.945" timestamp="2026-07-10T12:23:37.668278+00:00" hostname="agent-env-5a4dc3f8-621c-43ea-88bc-ebe27ab496fc"><testcase classname="backend.tests.test_iteration12" name="test_session_bogus_returns_401_emergent_404" time="0.272"><failure message="AssertionError: {&quot;detail&quot;:[{&quot;type&quot;:&quot;missing&quot;,&quot;loc&quot;:[&quot;body&quot;,&quot;session_id&quot;],&quot;msg&quot;:&quot;Field required&quot;,&quot;input&quot;:{&quot;id&quot;:&quot;bogus_session_id_zzz&quot;},&quot;url&quot;:&quot;https://errors.pydantic.dev/2.13/v/missing&quot;}]}&#10;assert 422 == 401&#10; +  where 422 = &lt;Response [422]&gt;.status_code">backend/tests/test_iteration12.py:19: in test_session_bogus_returns_401_emergent_404
    assert r.status_code == 401, r.text
E   AssertionError: {"detail":[{"type":"missing","loc":["body","session_id"],"msg":"Field required","input":{"id":"bogus_session_id_zzz"},"url":"https://errors.pydantic.dev/2.13/v/missing"}]}
E   assert 422 == 401
E    +  where 422 = &lt;Response [422]&gt;.status_code</failure></testcase><testcase classname="backend.tests.test_iteration12" name="test_me_with_bearer" time="0.155" /><testcase classname="backend.tests.test_iteration12" name="test_profile_update_sets_complete_true" time="0.193" /><testcase classname="backend.tests.test_iteration12" name="test_profile_missing_phone_sets_incomplete" time="0.232" /><testcase classname="backend.tests.test_iteration12" name="test_profile_missing_name_sets_incomplete" time="0.235" /><testcase classname="backend.tests.test_iteration12" name="test_project_client_phone_persists" time="1.461" /><testcase classname="backend.tests.test_iteration12" name="test_reports_generate_whatsapp_shape" time="9.321" /><testcase classname="backend.tests.test_iteration12" name="test_reports_generate_phone_normalizes_10_digit" time="7.218" /><testcase classname="backend.tests.test_iteration12" name="test_send_whatsapp_endpoint_with_project_client" time="5.394" /><testcase classname="backend.tests.test_iteration12" name="test_send_whatsapp_no_recipients_returns_400" time="5.365" /></testsuite></testsuites>