<?xml version="1.0" encoding="utf-8"?><testsuites name="pytest tests"><testsuite name="pytest" errors="0" failures="0" skipped="0" tests="16" time="74.655" timestamp="2026-06-29T11:52:07.090197+00:00" hostname="agent-env-36575acb-2d8d-41a7-9598-6f758f18b8cb"><testcase classname="tests.test_construction_os.TestAuth" name="test_me_authed" time="1.172" /><testcase classname="tests.test_construction_os.TestAuth" name="test_protected_requires_auth" time="0.102" /><testcase classname="tests.test_construction_os.TestSeed" name="test_seed_demo" time="0.054" /><testcase classname="tests.test_construction_os.TestSeed" name="test_seed_idempotent" time="0.044" /><testcase classname="tests.test_construction_os.TestDashboard" name="test_stats" time="0.049" /><testcase classname="tests.test_construction_os.TestWorkforce" name="test_list_workers" time="0.049" /><testcase classname="tests.test_construction_os.TestWorkforce" name="test_create_and_delete_worker" time="0.179" /><testcase classname="tests.test_construction_os.TestWorkforce" name="test_create_project" time="0.045" /><testcase classname="tests.test_construction_os.TestPayroll" name="test_ledger_and_txn" time="0.181" /><testcase classname="tests.test_construction_os.TestCommand" name="test_add_advance" time="2.091" /><testcase classname="tests.test_construction_os.TestCommand" name="test_add_payment" time="2.043" /><testcase classname="tests.test_construction_os.TestCommand" name="test_add_worker_via_command" time="2.234" /><testcase classname="tests.test_construction_os.TestAssistant" name="test_ask" time="6.224" /><testcase classname="tests.test_construction_os.TestCompliance" name="test_create_and_analyze" time="8.644" /><testcase classname="tests.test_construction_os.TestSOP" name="test_generate_and_list" time="48.860" /><testcase classname="tests.test_construction_os.TestKnowledge" name="test_create_and_ask" time="2.619" /></testsuite></testsuites>