<?xml version="1.0" encoding="utf-8"?><testsuites name="pytest tests"><testsuite name="pytest" errors="0" failures="0" skipped="0" tests="36" time="118.743" timestamp="2026-07-10T11:16:55.974594+00:00" hostname="agent-env-5a4dc3f8-621c-43ea-88bc-ebe27ab496fc"><testcase classname="backend.tests.backend_test.TestAuth" name="test_me_ok" time="0.210" /><testcase classname="backend.tests.backend_test.TestAuth" name="test_me_unauth" time="0.098" /><testcase classname="backend.tests.backend_test.TestAuth" name="test_workers_unauth" time="0.098" /><testcase classname="backend.tests.backend_test.TestWorkforce" name="test_create_project" time="0.105" /><testcase classname="backend.tests.backend_test.TestWorkforce" name="test_list_projects_includes" time="0.097" /><testcase classname="backend.tests.backend_test.TestWorkforce" name="test_create_worker" time="0.123" /><testcase classname="backend.tests.backend_test.TestWorkforce" name="test_update_onboarding" time="0.202" /><testcase classname="backend.tests.backend_test.TestPayroll" name="test_txn_and_ledger" time="0.548" /><testcase classname="backend.tests.backend_test.TestCommand" name="test_advance_command" time="2.527" /><testcase classname="backend.tests.backend_test.TestCommand" name="test_add_worker_command" time="1.777" /><testcase classname="backend.tests.backend_test.TestCommand" name="test_attendance_command" time="2.654" /><testcase classname="backend.tests.backend_test.TestCommand" name="test_gibberish_command" time="1.564" /><testcase classname="backend.tests.backend_test.TestSubcontractors" name="test_full_flow" time="0.799" /><testcase classname="backend.tests.backend_test.TestSubcontractors" name="test_delete_cascades" time="0.217" /><testcase classname="backend.tests.backend_test.TestCompliance" name="test_create_and_analyze" time="14.620" /><testcase classname="backend.tests.backend_test.TestFeed" name="test_manual_add" time="0.128" /><testcase classname="backend.tests.backend_test.TestFeed" name="test_fetch_live" time="1.934" /><testcase classname="backend.tests.backend_test.TestFeed" name="test_impact" time="8.981" /><testcase classname="backend.tests.backend_test.TestFeed" name="test_track" time="0.168" /><testcase classname="backend.tests.backend_test.TestFeed" name="test_delete_manual" time="0.111" /><testcase classname="backend.tests.backend_test.TestSops" name="test_generate" time="52.314" /><testcase classname="backend.tests.backend_test.TestKnowledge" name="test_create_and_ask" time="2.403" /><testcase classname="backend.tests.backend_test.TestAssistant" name="test_ask_ledger" time="3.064" /><testcase classname="backend.tests.backend_test.TestDashboard" name="test_stats" time="0.152" /><testcase classname="backend.tests.backend_test.TestNotifications" name="test_list_and_dismiss" time="0.309" /><testcase classname="backend.tests.backend_test.TestInsights" name="test_insights" time="0.100" /><testcase classname="backend.tests.backend_test.TestInsights" name="test_briefing" time="8.245" /><testcase classname="backend.tests.backend_test.TestFiles" name="test_upload_txt" time="0.373" /><testcase classname="backend.tests.backend_test.TestFiles" name="test_download_file_bearer" time="0.223" /><testcase classname="backend.tests.backend_test.TestFiles" name="test_download_unauth" time="0.102" /><testcase classname="backend.tests.backend_test.TestFiles" name="test_upload_image" time="0.318" /><testcase classname="backend.tests.backend_test.TestVoice" name="test_transcribe" time="1.230" /><testcase classname="backend.tests.backend_test.TestDailyReports" name="test_validation_empty" time="0.101" /><testcase classname="backend.tests.backend_test.TestDailyReports" name="test_generate" time="12.407" /><testcase classname="backend.tests.backend_test.TestDailyReports" name="test_list_reports" time="0.120" /><testcase classname="backend.tests.backend_test.TestDailyReports" name="test_delete_report" time="0.209" /></testsuite></testsuites>