<?xml version="1.0" encoding="utf-8"?><testsuites name="pytest tests"><testsuite name="pytest" errors="0" failures="0" skipped="0" tests="13" time="3.629" timestamp="2026-06-29T12:14:11.121524+00:00" hostname="agent-env-36575acb-2d8d-41a7-9598-6f758f18b8cb"><testcase classname="tests.test_new_features.TestVoice" name="test_voice_requires_auth" time="0.376" /><testcase classname="tests.test_new_features.TestVoice" name="test_voice_transcribe_returns_text" time="0.861" /><testcase classname="tests.test_new_features.TestFiles" name="test_upload_requires_auth" time="0.106" /><testcase classname="tests.test_new_features.TestFiles" name="test_upload_txt_extracts_text" time="0.217" /><testcase classname="tests.test_new_features.TestFiles" name="test_upload_pdf_extracts_text" time="0.766" /><testcase classname="tests.test_new_features.TestFiles" name="test_download_requires_auth" time="0.127" /><testcase classname="tests.test_new_features.TestFiles" name="test_download_with_query_auth" time="0.269" /><testcase classname="tests.test_new_features.TestFiles" name="test_download_with_bearer" time="0.188" /><testcase classname="tests.test_new_features.TestFiles" name="test_download_unknown_returns_404" time="0.047" /><testcase classname="tests.test_new_features.TestNotifications" name="test_notifications_shape" time="0.049" /><testcase classname="tests.test_new_features.TestNotifications" name="test_notifications_after_seed_has_items" time="0.104" /><testcase classname="tests.test_new_features.TestNotifications" name="test_notification_dismiss_flow" time="0.166" /><testcase classname="tests.test_new_features.TestComplianceAttachments" name="test_compliance_persists_attachments" time="0.271" /></testsuite></testsuites>