<?xml version="1.0" encoding="utf-8"?><testsuites name="pytest tests"><testsuite name="pytest" errors="0" failures="2" skipped="0" tests="16" time="73.682" timestamp="2026-06-29T12:14:21.017220+00:00" hostname="agent-env-36575acb-2d8d-41a7-9598-6f758f18b8cb"><testcase classname="tests.test_construction_os.TestAuth" name="test_me_authed" time="0.111" /><testcase classname="tests.test_construction_os.TestAuth" name="test_protected_requires_auth" time="0.126" /><testcase classname="tests.test_construction_os.TestSeed" name="test_seed_demo" time="0.044"><failure message="assert False is True">E   assert False is True</failure></testcase><testcase classname="tests.test_construction_os.TestSeed" name="test_seed_idempotent" time="0.044" /><testcase classname="tests.test_construction_os.TestDashboard" name="test_stats" time="0.045"><failure message="assert 13 == 12">E   assert 13 == 12</failure></testcase><testcase classname="tests.test_construction_os.TestWorkforce" name="test_list_workers" time="0.042" /><testcase classname="tests.test_construction_os.TestWorkforce" name="test_create_and_delete_worker" time="0.208" /><testcase classname="tests.test_construction_os.TestWorkforce" name="test_create_project" time="0.084" /><testcase classname="tests.test_construction_os.TestPayroll" name="test_ledger_and_txn" time="0.172" /><testcase classname="tests.test_construction_os.TestCommand" name="test_add_advance" time="2.988" /><testcase classname="tests.test_construction_os.TestCommand" name="test_add_payment" time="2.037" /><testcase classname="tests.test_construction_os.TestCommand" name="test_add_worker_via_command" time="2.214" /><testcase classname="tests.test_construction_os.TestAssistant" name="test_ask" time="6.303" /><testcase classname="tests.test_construction_os.TestCompliance" name="test_create_and_analyze" time="8.537" /><testcase classname="tests.test_construction_os.TestSOP" name="test_generate_and_list" time="48.390" /><testcase classname="tests.test_construction_os.TestKnowledge" name="test_create_and_ask" time="2.271" /></testsuite></testsuites>