<?xml version="1.0" encoding="utf-8"?><testsuites name="pytest tests"><testsuite name="pytest" errors="0" failures="0" skipped="0" tests="10" time="28.046" timestamp="2026-06-29T14:09:52.606349+00:00" hostname="agent-env-36575acb-2d8d-41a7-9598-6f758f18b8cb"><testcase classname="tests.test_iteration6_features.TestDemoRemoved" name="test_seed_demo_gone" time="0.248" /><testcase classname="tests.test_iteration6_features.TestDemoRemoved" name="test_feed_scan_gone" time="0.137" /><testcase classname="tests.test_iteration6_features.TestLiveFeed" name="test_feed_fetch_live" time="3.782" /><testcase classname="tests.test_iteration6_features.TestLiveFeed" name="test_feed_fetch_dedup" time="0.635" /><testcase classname="tests.test_iteration6_features.TestLiveFeed" name="test_feed_list_sorted_desc" time="0.051" /><testcase classname="tests.test_iteration6_features.TestImpactAndTrack" name="test_impact_analysis" time="10.386" /><testcase classname="tests.test_iteration6_features.TestImpactAndTrack" name="test_track_creates_compliance" time="6.921" /><testcase classname="tests.test_iteration6_features.TestInsights" name="test_insights" time="0.057" /><testcase classname="tests.test_iteration6_features.TestInsights" name="test_briefing" time="3.216" /><testcase classname="tests.test_iteration6_features.TestCommand" name="test_log_work_days_command" time="2.526" /></testsuite></testsuites>