<?xml version="1.0" encoding="utf-8"?><testsuites name="pytest tests"><testsuite name="pytest" errors="0" failures="0" skipped="0" tests="16" time="53.490" timestamp="2026-06-29T13:19:13.510252+00:00" hostname="agent-env-36575acb-2d8d-41a7-9598-6f758f18b8cb"><testcase classname="tests.test_iteration4_features.TestOnboarding" name="test_checklist_endpoint" time="0.242" /><testcase classname="tests.test_iteration4_features.TestOnboarding" name="test_workers_have_onboarding_object" time="0.050" /><testcase classname="tests.test_iteration4_features.TestOnboarding" name="test_update_onboarding_persists" time="0.144" /><testcase classname="tests.test_iteration4_features.TestOnboarding" name="test_update_onboarding_sanitizes_extra_keys" time="0.092" /><testcase classname="tests.test_iteration4_features.TestOnboarding" name="test_update_onboarding_unknown_id_returns_404" time="0.053" /><testcase classname="tests.test_iteration4_features.TestOnboarding" name="test_dashboard_workers_missing_docs" time="0.265" /><testcase classname="tests.test_iteration4_features.TestCommandIntents" name="test_log_work_days_creates_attendance_and_wage" time="2.495" /><testcase classname="tests.test_iteration4_features.TestCommandIntents" name="test_complete_task_sqft_computes_wage" time="2.188" /><testcase classname="tests.test_iteration4_features.TestCommandIntents" name="test_regression_add_advance_intent" time="2.191" /><testcase classname="tests.test_iteration4_features.TestCommandIntents" name="test_regression_add_payment_intent" time="2.060" /><testcase classname="tests.test_iteration4_features.TestRegulationFeed" name="test_feed_requires_auth" time="0.124" /><testcase classname="tests.test_iteration4_features.TestRegulationFeed" name="test_feed_list_has_seeded_items" time="0.056" /><testcase classname="tests.test_iteration4_features.TestRegulationFeed" name="test_feed_create_manual_item" time="0.123" /><testcase classname="tests.test_iteration4_features.TestRegulationFeed" name="test_feed_impact_analysis" time="14.472" /><testcase classname="tests.test_iteration4_features.TestRegulationFeed" name="test_feed_scan_adds_ai_items" time="28.731" /><testcase classname="tests.test_iteration4_features.TestRegulationFeed" name="test_feed_delete" time="0.104" /></testsuite></testsuites>